<?xml version="1.0" encoding="UTF-8"?>
<!-- Generated by org.testng.reporters.JUnitReportReporter -->
<testsuite hostname="DESKTOP-DKGOJOA" failures="0" tests="5" name="com.Flyaway.Flyaway_Capstone_API" time="3.231" errors="0" timestamp="2024-03-04T21:27:04 IST" skipped="0">
  <testcase classname="com.Flyaway.Flyaway_Capstone_API" name="testLoginAction" time="2.182"/>
  <system-out/>
  <testcase classname="com.Flyaway.Flyaway_Capstone_API" name="login" time="0.100"/>
  <system-out/>
  <testcase classname="com.Flyaway.Flyaway_Capstone_API" name="homepage" time="0.080"/>
  <system-out/>
  <testcase classname="com.Flyaway.Flyaway_Capstone_API" name="BookFlight" time="0.824"/>
  <system-out/>
  <testcase classname="com.Flyaway.Flyaway_Capstone_API" name="completepurchase" time="0.045"/>
  <system-out/>
</testsuite> <!-- com.Flyaway.Flyaway_Capstone_API -->
